<?xml version="1.0" encoding="UTF-8"?>
<!-- Generated by org.testng.reporters.JUnitReportReporter -->
<testsuite hostname="UBL-LC-MANZOOR" failures="0" tests="1" name="day3.LoginValidation" time="4.450" errors="0" timestamp="2022-05-31T09:44:23 IST" skipped="0">
  <testcase classname="day3.LoginValidation" name="loginApplication" time="4.450"/>
  <system-out/>
</testsuite> <!-- day3.LoginValidation -->
