<?xml version="1.0" encoding="UTF-8"?>
<!-- Generated by org.testng.reporters.JUnitReportReporter -->
<testsuite hostname="UBL-LC-MANZOOR" failures="0" tests="1" name="practise.loginValidation" time="5.299" errors="0" timestamp="2022-05-31T08:12:00 IST" skipped="0">
  <testcase classname="practise.loginValidation" name="login" time="5.299"/>
  <system-out/>
</testsuite> <!-- practise.loginValidation -->
